<?xml version="1.0" encoding="utf-8"?><testsuites name="pytest tests"><testsuite name="pytest" errors="0" failures="0" skipped="0" tests="10" time="1.569" timestamp="2026-06-10T03:33:36.042461+00:00" hostname="agent-env-e00a86a4-2f00-4bcc-adc5-1f093df2fdcc"><testcase classname="backend.tests.test_category_alias_injection" name="test_list_categories_returns_aliases_field" time="0.407" /><testcase classname="backend.tests.test_category_alias_injection" name="test_create_category_persists_aliases" time="0.101" /><testcase classname="backend.tests.test_category_alias_injection" name="test_create_category_cleans_aliases" time="0.053" /><testcase classname="backend.tests.test_category_alias_injection" name="test_update_category_aliases_via_patch" time="0.134" /><testcase classname="backend.tests.test_category_alias_injection" name="test_create_duplicate_category_rejected" time="0.099" /><testcase classname="backend.tests.test_category_alias_injection" name="test_discover_with_category_id_returns_200" time="0.101" /><testcase classname="backend.tests.test_category_alias_injection" name="test_discover_without_category_id_still_works" time="0.047" /><testcase classname="backend.tests.test_category_alias_injection" name="test_discover_with_invalid_category_id_falls_back" time="0.048" /><testcase classname="backend.tests.test_category_alias_injection" name="test_discover_requires_auth" time="0.156" /><testcase classname="backend.tests.test_category_alias_injection" name="test_default_aliases_endpoint" time="0.339" /></testsuite></testsuites>