<?xml version="1.0" encoding="utf-8"?><testsuites name="pytest tests"><testsuite name="pytest" errors="0" failures="0" skipped="0" tests="18" time="5.470" timestamp="2026-06-08T06:59:00.524927+00:00" hostname="agent-env-e00a86a4-2f00-4bcc-adc5-1f093df2fdcc"><testcase classname="backend.tests.test_crm_prospects.TestAuthPermissions" name="test_login_returns_permissions" time="0.582" /><testcase classname="backend.tests.test_crm_prospects.TestAuthPermissions" name="test_staff_sidebar_permissions" time="0.475" /><testcase classname="backend.tests.test_crm_prospects.TestProspectsDiscover" name="test_discover_domain" time="1.615" /><testcase classname="backend.tests.test_crm_prospects.TestProspectsDiscover" name="test_discover_cached_fast" time="0.113" /><testcase classname="backend.tests.test_crm_prospects.TestProspectsCRUD" name="test_create_assigns_primary_email" time="0.114" /><testcase classname="backend.tests.test_crm_prospects.TestProspectsCRUD" name="test_list_prospects_enriched" time="0.107" /><testcase classname="backend.tests.test_crm_prospects.TestProspectsCRUD" name="test_get_prospect_detail_shape" time="0.123" /><testcase classname="backend.tests.test_crm_prospects.TestProspectsCRUD" name="test_patch_status_logs_activity" time="0.182" /><testcase classname="backend.tests.test_crm_prospects.TestProspectsCRUD" name="test_add_and_remove_prospect_email" time="0.246" /><testcase classname="backend.tests.test_crm_prospects.TestProspectsCRUD" name="test_add_note_appears_in_timeline" time="0.143" /><testcase classname="backend.tests.test_crm_prospects.TestSendEmail" name="test_send_returns_400_no_smtp" time="0.217" /><testcase classname="backend.tests.test_crm_prospects.TestTemplates" name="test_template_full_lifecycle" time="0.338" /><testcase classname="backend.tests.test_crm_prospects.TestEmailActivity" name="test_list_email_sends_ok" time="0.112" /><testcase classname="backend.tests.test_crm_prospects.TestEmailActivity" name="test_email_sends_filter_status" time="0.096" /><testcase classname="backend.tests.test_crm_prospects.TestDailyTargetAndDashboard" name="test_patch_me_target" time="0.138" /><testcase classname="backend.tests.test_crm_prospects.TestDailyTargetAndDashboard" name="test_dashboard_daily_shape" time="0.133" /><testcase classname="backend.tests.test_crm_prospects.TestTrackingPixel" name="test_pixel_returns_gif" time="0.162" /><testcase classname="backend.tests.test_crm_prospects.TestStaffPermissions" name="test_staff_cannot_delete_prospect" time="0.501" /></testsuite></testsuites>