<?xml version="1.0" encoding="utf-8"?><testsuites name="pytest tests"><testsuite name="pytest" errors="0" failures="0" skipped="0" tests="26" time="13.690" timestamp="2026-06-23T23:51:55.814548+00:00" hostname="agent-env-e00a86a4-2f00-4bcc-adc5-1f093df2fdcc"><testcase classname="tests.test_whatsapp_phase2.TestDeltaPolling" name="test_create_account_for_delta" time="1.144" /><testcase classname="tests.test_whatsapp_phase2.TestDeltaPolling" name="test_chats_without_since_ts_returns_array" time="0.133" /><testcase classname="tests.test_whatsapp_phase2.TestDeltaPolling" name="test_chats_with_future_since_ts_returns_empty" time="0.123" /><testcase classname="tests.test_whatsapp_phase2.TestDeltaPolling" name="test_messages_with_future_since_ts_returns_empty" time="0.174" /><testcase classname="tests.test_whatsapp_phase2.TestDeltaPolling" name="test_cleanup_delta_account" time="0.124" /><testcase classname="tests.test_whatsapp_phase2.TestSendMediaRBAC" name="test_owner_cannot_send_media_on_staff_account" time="0.403" /><testcase classname="tests.test_whatsapp_phase2.TestSendMediaRBAC" name="test_staff_sending_media_on_own_account_passes_auth" time="0.456" /><testcase classname="tests.test_whatsapp_phase2.TestGroups" name="test_groups_endpoint_responds" time="0.383" /><testcase classname="tests.test_whatsapp_phase2.TestSidecarResume" name="test_account_survives_wa_service_restart" time="5.590" /><testcase classname="tests.test_bounce_parser" name="test_is_bounce_email_from_mailer_daemon" time="0.000" /><testcase classname="tests.test_bounce_parser" name="test_is_bounce_email_subject_only" time="0.000" /><testcase classname="tests.test_bounce_parser" name="test_is_bounce_email_normal" time="0.000" /><testcase classname="tests.test_bounce_parser" name="test_parse_bounce_dsn_hard_bounce" time="0.000" /><testcase classname="tests.test_bounce_parser" name="test_parse_bounce_dsn_soft_bounce_skipped" time="0.000" /><testcase classname="tests.test_bounce_parser" name="test_parse_bounce_plain_text_fallback" time="0.000" /><testcase classname="tests.test_bounce_parser" name="test_parse_normal_email_returns_empty" time="0.000" /><testcase classname="tests.test_bounce_parser" name="test_mark_bounced_by_email_removes_email_and_logs" time="0.012" /><testcase classname="tests.test_whatsapp.TestSidecar" name="test_health_ok" time="0.436" /><testcase classname="tests.test_whatsapp.TestSidecar" name="test_protected_requires_secret" time="0.002" /><testcase classname="tests.test_whatsapp.TestSidecar" name="test_protected_accepts_secret" time="0.003" /><testcase classname="tests.test_whatsapp.TestAccountCRUD" name="test_create_account" time="0.150" /><testcase classname="tests.test_whatsapp.TestAccountCRUD" name="test_status_returns_qr_within_5s" time="1.248" /><testcase classname="tests.test_whatsapp.TestAccountCRUD" name="test_max_3_per_user" time="0.434" /><testcase classname="tests.test_whatsapp.TestAccountCRUD" name="test_empty_chats_list" time="0.123" /><testcase classname="tests.test_whatsapp.TestAccountCRUD" name="test_delete_account" time="0.239" /><testcase classname="tests.test_whatsapp.TestRBAC" name="test_staff_only_sees_own_and_owner_sees_all" time="2.015" /></testsuite></testsuites>