<?xml version="1.0" encoding="utf-8"?><testsuites name="pytest tests"><testsuite name="pytest" errors="0" failures="0" skipped="0" tests="5" time="2.111" timestamp="2026-06-26T00:17:28.059276+00:00" hostname="agent-env-e00a86a4-2f00-4bcc-adc5-1f093df2fdcc"><testcase classname="backend.tests.test_orphan_recovery.TestAuthRequired" name="test_unauthenticated_returns_401_or_403" time="0.816" /><testcase classname="backend.tests.test_orphan_recovery.TestInvalidDate" name="test_invalid_date_format_returns_400" time="0.108" /><testcase classname="backend.tests.test_orphan_recovery.TestNoOrphans" name="test_no_orphans_on_far_past_date_returns_404" time="0.050" /><testcase classname="backend.tests.test_orphan_recovery.TestHappyPathAndIdempotency" name="test_recover_orphans_happy_path_and_second_call_404" time="0.357" /><testcase classname="backend.tests.test_orphan_recovery.TestRBACIsolation" name="test_staff_orphans_not_recovered_by_owner" time="0.704" /></testsuite></testsuites>