<?xml version="1.0" encoding="utf-8"?><testsuites name="pytest tests"><testsuite name="pytest" errors="0" failures="0" skipped="0" tests="29" time="6.541" timestamp="2026-06-08T00:32:38.164351+00:00" hostname="agent-env-e00a86a4-2f00-4bcc-adc5-1f093df2fdcc"><testcase classname="backend.tests.test_lead_hunter_backend.TestAuth" name="test_01_register_tenant_owner" time="0.414" /><testcase classname="backend.tests.test_lead_hunter_backend.TestAuth" name="test_02_register_duplicate_email_rejected" time="0.047" /><testcase classname="backend.tests.test_lead_hunter_backend.TestAuth" name="test_03_login_success" time="0.271" /><testcase classname="backend.tests.test_lead_hunter_backend.TestAuth" name="test_04_login_wrong_password" time="0.269" /><testcase classname="backend.tests.test_lead_hunter_backend.TestAuth" name="test_05_me_with_bearer" time="0.049" /><testcase classname="backend.tests.test_lead_hunter_backend.TestAuth" name="test_06_me_without_token_401" time="0.114" /><testcase classname="backend.tests.test_lead_hunter_backend.TestDashboard" name="test_07_overview_shape" time="0.059" /><testcase classname="backend.tests.test_lead_hunter_backend.TestHunter" name="test_08_check_domain_not_found_initially" time="0.061" /><testcase classname="backend.tests.test_lead_hunter_backend.TestHunter" name="test_09_search_full_pipeline_stripe" time="2.981" /><testcase classname="backend.tests.test_lead_hunter_backend.TestHunter" name="test_10_check_domain_after_search" time="0.049" /><testcase classname="backend.tests.test_lead_hunter_backend.TestHunter" name="test_11_second_search_hits_cache" time="0.055" /><testcase classname="backend.tests.test_lead_hunter_backend.TestHunter" name="test_12_duplicate_prevention" time="0.051" /><testcase classname="backend.tests.test_lead_hunter_backend.TestHunter" name="test_13_bulk_search" time="0.100" /><testcase classname="backend.tests.test_lead_hunter_backend.TestHunter" name="test_14_searches_history" time="0.047" /><testcase classname="backend.tests.test_lead_hunter_backend.TestData" name="test_15_companies_list" time="0.062" /><testcase classname="backend.tests.test_lead_hunter_backend.TestData" name="test_16_contacts_enriched" time="0.050" /><testcase classname="backend.tests.test_lead_hunter_backend.TestTenantIsolation" name="test_17_register_second_tenant_and_run_hunter" time="0.326" /><testcase classname="backend.tests.test_lead_hunter_backend.TestTenantIsolation" name="test_18_tenant1_does_not_see_tenant2_data" time="0.100" /><testcase classname="backend.tests.test_lead_hunter_backend.TestSettingsAndTeam" name="test_19_patch_settings_persists" time="0.099" /><testcase classname="backend.tests.test_lead_hunter_backend.TestSettingsAndTeam" name="test_20_team_create_staff" time="0.275" /><testcase classname="backend.tests.test_lead_hunter_backend.TestSettingsAndTeam" name="test_21_team_list" time="0.050" /><testcase classname="backend.tests.test_lead_hunter_backend.TestSettingsAndTeam" name="test_22_staff_cannot_patch_settings" time="0.318" /><testcase classname="backend.tests.test_lead_hunter_backend.TestSettingsAndTeam" name="test_23_staff_cannot_delete_team" time="0.049" /><testcase classname="backend.tests.test_lead_hunter_backend.TestSettingsAndTeam" name="test_24_owner_can_delete_team" time="0.048" /><testcase classname="backend.tests.test_lead_hunter_backend.TestCampaigns" name="test_25_create_campaign" time="0.099" /><testcase classname="backend.tests.test_lead_hunter_backend.TestCampaigns" name="test_26_campaigns_list_with_metrics" time="0.046" /><testcase classname="backend.tests.test_lead_hunter_backend.TestCampaigns" name="test_27_send_without_smtp_returns_400_for_t2" time="0.147" /><testcase classname="backend.tests.test_lead_hunter_backend.TestTracking" name="test_28_open_pixel_returns_gif" time="0.127" /><testcase classname="backend.tests.test_lead_hunter_backend.TestTracking" name="test_29_click_redirects_302" time="0.105" /></testsuite></testsuites>