<?xml version="1.0" encoding="utf-8"?><testsuites name="pytest tests"><testsuite name="pytest" errors="0" failures="0" skipped="0" tests="15" time="1.902" timestamp="2026-06-08T05:51:39.401474+00:00" hostname="agent-env-e00a86a4-2f00-4bcc-adc5-1f093df2fdcc"><testcase classname="backend.tests.test_subco_campaigns.TestDemoLogin" name="test_01_demo_login" time="0.389" /><testcase classname="backend.tests.test_subco_campaigns.TestFreshOwner" name="test_02_register_owner" time="0.277" /><testcase classname="backend.tests.test_subco_campaigns.TestSubCompanies" name="test_03_list_initially_empty" time="0.046" /><testcase classname="backend.tests.test_subco_campaigns.TestSubCompanies" name="test_04_create_subcompany_with_smtp" time="0.070" /><testcase classname="backend.tests.test_subco_campaigns.TestSubCompanies" name="test_05_subco_appears_in_list" time="0.052" /><testcase classname="backend.tests.test_subco_campaigns.TestSubCompanies" name="test_06_patch_subco" time="0.057" /><testcase classname="backend.tests.test_subco_campaigns.TestCampaignsNewModel" name="test_07_create_campaign_manual_source" time="0.048" /><testcase classname="backend.tests.test_subco_campaigns.TestCampaignsNewModel" name="test_08_create_campaign_my_leads_empty_allowed" time="0.048" /><testcase classname="backend.tests.test_subco_campaigns.TestCampaignsNewModel" name="test_09_create_campaign_legacy_contact_ids" time="0.048" /><testcase classname="backend.tests.test_subco_campaigns.TestCampaignsNewModel" name="test_10_list_campaigns_have_metrics" time="0.048" /><testcase classname="backend.tests.test_subco_campaigns.TestCampaignsNewModel" name="test_11_send_manual_campaign_uses_subco_smtp" time="0.054" /><testcase classname="backend.tests.test_subco_campaigns.TestCampaignsNewModel" name="test_12_send_my_leads_empty_returns_400" time="0.114" /><testcase classname="backend.tests.test_subco_campaigns.TestCampaignsNewModel" name="test_13_send_without_smtp_400" time="0.370" /><testcase classname="backend.tests.test_subco_campaigns.TestSubCoCleanup" name="test_14_get_campaign_persists_new_fields" time="0.046" /><testcase classname="backend.tests.test_subco_campaigns.TestSubCoCleanup" name="test_15_delete_subco" time="0.044" /></testsuite></testsuites>