<?xml version="1.0" encoding="utf-8"?><testsuites name="pytest tests"><testsuite name="pytest" errors="0" failures="0" skipped="0" tests="11" time="2.388" timestamp="2026-06-08T22:44:55.743979+00:00" hostname="agent-env-e00a86a4-2f00-4bcc-adc5-1f093df2fdcc"><testcase classname="backend.tests.test_templates" name="test_create_template_html" time="0.440" /><testcase classname="backend.tests.test_templates" name="test_create_template_plain" time="0.054" /><testcase classname="backend.tests.test_templates" name="test_list_templates_has_body_type_and_attachments" time="0.054" /><testcase classname="backend.tests.test_templates" name="test_patch_template_body_type_toggle" time="0.153" /><testcase classname="backend.tests.test_templates" name="test_upload_attachment_small_file" time="0.151" /><testcase classname="backend.tests.test_templates" name="test_upload_attachment_too_large_rejected" time="0.422" /><testcase classname="backend.tests.test_templates" name="test_download_attachment" time="0.162" /><testcase classname="backend.tests.test_templates" name="test_duplicate_template_copies_attachments" time="0.231" /><testcase classname="backend.tests.test_templates" name="test_delete_attachment" time="0.208" /><testcase classname="backend.tests.test_templates" name="test_delete_template_cleans_attachments" time="0.201" /><testcase classname="backend.tests.test_templates" name="test_send_email_signature_compat" time="0.249" /></testsuite></testsuites>