<?xml version="1.0" encoding="utf-8"?><testsuites name="pytest tests"><testsuite name="pytest" errors="0" failures="0" skipped="0" tests="9" time="4.822" timestamp="2026-06-23T23:18:07.755463+00:00" hostname="agent-env-e00a86a4-2f00-4bcc-adc5-1f093df2fdcc"><testcase classname="backend.tests.test_whatsapp.TestSidecar" name="test_health_ok" time="0.478" /><testcase classname="backend.tests.test_whatsapp.TestSidecar" name="test_protected_requires_secret" time="0.001" /><testcase classname="backend.tests.test_whatsapp.TestSidecar" name="test_protected_accepts_secret" time="0.002" /><testcase classname="backend.tests.test_whatsapp.TestAccountCRUD" name="test_create_account" time="0.229" /><testcase classname="backend.tests.test_whatsapp.TestAccountCRUD" name="test_status_returns_qr_within_5s" time="1.260" /><testcase classname="backend.tests.test_whatsapp.TestAccountCRUD" name="test_max_3_per_user" time="0.439" /><testcase classname="backend.tests.test_whatsapp.TestAccountCRUD" name="test_empty_chats_list" time="0.128" /><testcase classname="backend.tests.test_whatsapp.TestAccountCRUD" name="test_delete_account" time="0.236" /><testcase classname="backend.tests.test_whatsapp.TestRBAC" name="test_staff_only_sees_own_and_owner_sees_all" time="1.973" /></testsuite></testsuites>